[2025-03-09 17:10:06,968: WARNING/MainProcess] /usr/local/lib/python3.11/site-packages/celery/worker/consumer/consumer.py:508: CPendingDeprecationWarning: The broker_connection_retry configuration setting will no longer determine
whether broker connection retries are made during startup in Celery 6.0 and above.
If you wish to retain the existing behavior for retrying connections on startup,
you should set broker_connection_retry_on_startup to True.
  warnings.warn(

[2025-03-09 17:10:06,975: ERROR/MainProcess] consumer: Cannot connect to redis://localhost:6379/1: Error 99 connecting to localhost:6379. Cannot assign requested address..
Trying again in 2.00 seconds... (1/100)

[2025-03-09 17:10:08,984: ERROR/MainProcess] consumer: Cannot connect to redis://localhost:6379/1: Error 99 connecting to localhost:6379. Cannot assign requested address..
Trying again in 4.00 seconds... (2/100)

[2025-03-09 17:10:13,002: ERROR/MainProcess] consumer: Cannot connect to redis://localhost:6379/1: Error 99 connecting to localhost:6379. Cannot assign requested address..
Trying again in 6.00 seconds... (3/100)

[2025-03-09 17:10:19,034: ERROR/MainProcess] consumer: Cannot connect to redis://localhost:6379/1: Error 99 connecting to localhost:6379. Cannot assign requested address..
Trying again in 8.00 seconds... (4/100)

[2025-03-09 17:10:27,070: ERROR/MainProcess] consumer: Cannot connect to redis://localhost:6379/1: Error 99 connecting to localhost:6379. Cannot assign requested address..
Trying again in 10.00 seconds... (5/100)

[2025-03-09 17:10:37,127: ERROR/MainProcess] consumer: Cannot connect to redis://localhost:6379/1: Error 99 connecting to localhost:6379. Cannot assign requested address..
Trying again in 12.00 seconds... (6/100)

[2025-03-09 17:10:49,182: ERROR/MainProcess] consumer: Cannot connect to redis://localhost:6379/1: Error 99 connecting to localhost:6379. Cannot assign requested address..
Trying again in 14.00 seconds... (7/100)

[2025-03-09 17:11:03,244: ERROR/MainProcess] consumer: Cannot connect to redis://localhost:6379/1: Error 99 connecting to localhost:6379. Cannot assign requested address..
Trying again in 16.00 seconds... (8/100)

[2025-03-09 17:11:19,302: ERROR/MainProcess] consumer: Cannot connect to redis://localhost:6379/1: Error 99 connecting to localhost:6379. Cannot assign requested address..
Trying again in 18.00 seconds... (9/100)

[2025-03-09 17:11:37,379: ERROR/MainProcess] consumer: Cannot connect to redis://localhost:6379/1: Error 99 connecting to localhost:6379. Cannot assign requested address..
Trying again in 20.00 seconds... (10/100)

[2025-03-09 17:11:57,492: ERROR/MainProcess] consumer: Cannot connect to redis://localhost:6379/1: Error 99 connecting to localhost:6379. Cannot assign requested address..
Trying again in 22.00 seconds... (11/100)

[2025-03-09 17:12:19,578: ERROR/MainProcess] consumer: Cannot connect to redis://localhost:6379/1: Error 99 connecting to localhost:6379. Cannot assign requested address..
Trying again in 24.00 seconds... (12/100)

[2025-03-11 17:39:14,992: WARNING/MainProcess] /usr/local/lib/python3.11/site-packages/celery/worker/consumer/consumer.py:508: CPendingDeprecationWarning: The broker_connection_retry configuration setting will no longer determine
whether broker connection retries are made during startup in Celery 6.0 and above.
If you wish to retain the existing behavior for retrying connections on startup,
you should set broker_connection_retry_on_startup to True.
  warnings.warn(

[2025-03-11 17:39:15,002: ERROR/MainProcess] consumer: Cannot connect to redis://localhost:6379/1: Error 99 connecting to localhost:6379. Cannot assign requested address..
Trying again in 2.00 seconds... (1/100)

[2025-03-11 17:39:17,014: ERROR/MainProcess] consumer: Cannot connect to redis://localhost:6379/1: Error 99 connecting to localhost:6379. Cannot assign requested address..
Trying again in 4.00 seconds... (2/100)

[2025-03-11 17:39:21,060: ERROR/MainProcess] consumer: Cannot connect to redis://localhost:6379/1: Error 99 connecting to localhost:6379. Cannot assign requested address..
Trying again in 6.00 seconds... (3/100)

[2025-03-11 17:39:27,101: ERROR/MainProcess] consumer: Cannot connect to redis://localhost:6379/1: Error 99 connecting to localhost:6379. Cannot assign requested address..
Trying again in 8.00 seconds... (4/100)

[2025-03-11 17:39:35,136: ERROR/MainProcess] consumer: Cannot connect to redis://localhost:6379/1: Error 99 connecting to localhost:6379. Cannot assign requested address..
Trying again in 10.00 seconds... (5/100)

[2025-03-11 17:39:45,186: ERROR/MainProcess] consumer: Cannot connect to redis://localhost:6379/1: Error 99 connecting to localhost:6379. Cannot assign requested address..
Trying again in 12.00 seconds... (6/100)

[2025-03-11 17:39:57,261: ERROR/MainProcess] consumer: Cannot connect to redis://localhost:6379/1: Error 99 connecting to localhost:6379. Cannot assign requested address..
Trying again in 14.00 seconds... (7/100)

[2025-03-11 17:40:11,327: ERROR/MainProcess] consumer: Cannot connect to redis://localhost:6379/1: Error 99 connecting to localhost:6379. Cannot assign requested address..
Trying again in 16.00 seconds... (8/100)

[2025-03-11 17:40:27,411: ERROR/MainProcess] consumer: Cannot connect to redis://localhost:6379/1: Error 99 connecting to localhost:6379. Cannot assign requested address..
Trying again in 18.00 seconds... (9/100)

[2025-03-11 17:40:45,493: ERROR/MainProcess] consumer: Cannot connect to redis://localhost:6379/1: Error 99 connecting to localhost:6379. Cannot assign requested address..
Trying again in 20.00 seconds... (10/100)

[2025-03-11 17:41:05,578: ERROR/MainProcess] consumer: Cannot connect to redis://localhost:6379/1: Error 99 connecting to localhost:6379. Cannot assign requested address..
Trying again in 22.00 seconds... (11/100)

[2025-03-11 17:41:27,664: ERROR/MainProcess] consumer: Cannot connect to redis://localhost:6379/1: Error 99 connecting to localhost:6379. Cannot assign requested address..
Trying again in 24.00 seconds... (12/100)

[2025-03-11 17:41:51,761: ERROR/MainProcess] consumer: Cannot connect to redis://localhost:6379/1: Error 99 connecting to localhost:6379. Cannot assign requested address..
Trying again in 26.00 seconds... (13/100)

[2025-03-11 17:42:17,835: ERROR/MainProcess] consumer: Cannot connect to redis://localhost:6379/1: Error 99 connecting to localhost:6379. Cannot assign requested address..
Trying again in 28.00 seconds... (14/100)

[2025-03-11 17:42:45,939: ERROR/MainProcess] consumer: Cannot connect to redis://localhost:6379/1: Error 99 connecting to localhost:6379. Cannot assign requested address..
Trying again in 30.00 seconds... (15/100)

[2025-03-11 17:43:16,027: ERROR/MainProcess] consumer: Cannot connect to redis://localhost:6379/1: Error 99 connecting to localhost:6379. Cannot assign requested address..
Trying again in 32.00 seconds... (16/100)

[2025-03-11 17:43:48,127: ERROR/MainProcess] consumer: Cannot connect to redis://localhost:6379/1: Error 99 connecting to localhost:6379. Cannot assign requested address..
Trying again in 32.00 seconds... (16/100)

[2025-03-11 17:44:20,237: ERROR/MainProcess] consumer: Cannot connect to redis://localhost:6379/1: Error 99 connecting to localhost:6379. Cannot assign requested address..
Trying again in 32.00 seconds... (16/100)

[2025-03-11 17:44:52,349: ERROR/MainProcess] consumer: Cannot connect to redis://localhost:6379/1: Error 99 connecting to localhost:6379. Cannot assign requested address..
Trying again in 32.00 seconds... (16/100)

[2025-03-11 17:45:24,477: ERROR/MainProcess] consumer: Cannot connect to redis://localhost:6379/1: Error 99 connecting to localhost:6379. Cannot assign requested address..
Trying again in 32.00 seconds... (16/100)

[2025-03-11 17:46:02,694: WARNING/MainProcess] /usr/local/lib/python3.11/site-packages/celery/worker/consumer/consumer.py:508: CPendingDeprecationWarning: The broker_connection_retry configuration setting will no longer determine
whether broker connection retries are made during startup in Celery 6.0 and above.
If you wish to retain the existing behavior for retrying connections on startup,
you should set broker_connection_retry_on_startup to True.
  warnings.warn(

[2025-03-11 17:46:02,702: ERROR/MainProcess] consumer: Cannot connect to redis://localhost:6379/1: Error 99 connecting to localhost:6379. Cannot assign requested address..
Trying again in 2.00 seconds... (1/100)

[2025-03-11 17:46:04,722: ERROR/MainProcess] consumer: Cannot connect to redis://localhost:6379/1: Error 99 connecting to localhost:6379. Cannot assign requested address..
Trying again in 4.00 seconds... (2/100)

[2025-03-11 17:46:08,773: ERROR/MainProcess] consumer: Cannot connect to redis://localhost:6379/1: Error 99 connecting to localhost:6379. Cannot assign requested address..
Trying again in 6.00 seconds... (3/100)

[2025-03-11 17:46:14,828: ERROR/MainProcess] consumer: Cannot connect to redis://localhost:6379/1: Error 99 connecting to localhost:6379. Cannot assign requested address..
Trying again in 8.00 seconds... (4/100)

[2025-03-11 17:46:22,874: ERROR/MainProcess] consumer: Cannot connect to redis://localhost:6379/1: Error 99 connecting to localhost:6379. Cannot assign requested address..
Trying again in 10.00 seconds... (5/100)

[2025-03-11 17:53:26,682: WARNING/MainProcess] /usr/local/lib/python3.11/site-packages/celery/worker/consumer/consumer.py:508: CPendingDeprecationWarning: The broker_connection_retry configuration setting will no longer determine
whether broker connection retries are made during startup in Celery 6.0 and above.
If you wish to retain the existing behavior for retrying connections on startup,
you should set broker_connection_retry_on_startup to True.
  warnings.warn(

[2025-03-11 17:53:26,698: ERROR/MainProcess] consumer: Cannot connect to redis://localhost:6379/1: Error 99 connecting to localhost:6379. Cannot assign requested address..
Trying again in 2.00 seconds... (1/100)

[2025-03-11 17:53:28,703: ERROR/MainProcess] consumer: Cannot connect to redis://localhost:6379/1: Error 99 connecting to localhost:6379. Cannot assign requested address..
Trying again in 4.00 seconds... (2/100)

[2025-03-11 17:53:32,712: ERROR/MainProcess] consumer: Cannot connect to redis://localhost:6379/1: Error 99 connecting to localhost:6379. Cannot assign requested address..
Trying again in 6.00 seconds... (3/100)

[2025-03-11 17:53:38,735: ERROR/MainProcess] consumer: Cannot connect to redis://localhost:6379/1: Error 99 connecting to localhost:6379. Cannot assign requested address..
Trying again in 8.00 seconds... (4/100)

[2025-03-11 17:53:46,791: ERROR/MainProcess] consumer: Cannot connect to redis://localhost:6379/1: Error 99 connecting to localhost:6379. Cannot assign requested address..
Trying again in 10.00 seconds... (5/100)

[2025-03-11 17:53:56,853: ERROR/MainProcess] consumer: Cannot connect to redis://localhost:6379/1: Error 99 connecting to localhost:6379. Cannot assign requested address..
Trying again in 12.00 seconds... (6/100)

[2025-03-11 17:54:08,909: ERROR/MainProcess] consumer: Cannot connect to redis://localhost:6379/1: Error 99 connecting to localhost:6379. Cannot assign requested address..
Trying again in 14.00 seconds... (7/100)

[2025-03-11 17:54:22,977: ERROR/MainProcess] consumer: Cannot connect to redis://localhost:6379/1: Error 99 connecting to localhost:6379. Cannot assign requested address..
Trying again in 16.00 seconds... (8/100)

[2025-03-11 17:54:39,073: ERROR/MainProcess] consumer: Cannot connect to redis://localhost:6379/1: Error 99 connecting to localhost:6379. Cannot assign requested address..
Trying again in 18.00 seconds... (9/100)

[2025-03-11 17:54:57,222: ERROR/MainProcess] consumer: Cannot connect to redis://localhost:6379/1: Error 99 connecting to localhost:6379. Cannot assign requested address..
Trying again in 20.00 seconds... (10/100)

[2025-03-11 17:55:17,289: ERROR/MainProcess] consumer: Cannot connect to redis://localhost:6379/1: Error 99 connecting to localhost:6379. Cannot assign requested address..
Trying again in 22.00 seconds... (11/100)

[2025-03-11 17:55:39,356: ERROR/MainProcess] consumer: Cannot connect to redis://localhost:6379/1: Error 99 connecting to localhost:6379. Cannot assign requested address..
Trying again in 24.00 seconds... (12/100)

[2025-03-11 17:56:03,459: ERROR/MainProcess] consumer: Cannot connect to redis://localhost:6379/1: Error 99 connecting to localhost:6379. Cannot assign requested address..
Trying again in 26.00 seconds... (13/100)

